<?xml version="1.0" encoding="UTF-8"?>
<coverage generated="1599149466552" clover="3.2.0">
  <project timestamp="1599149466552" name="All files">
    <metrics statements="67" coveredstatements="62" conditionals="14" coveredconditionals="12" methods="9" coveredmethods="7" elements="90" coveredelements="81" complexity="0" loc="67" ncloc="67" packages="7" files="11" classes="11"/>
    <package name="config">
      <metrics statements="8" coveredstatements="8" conditionals="2" coveredconditionals="1" methods="0" coveredmethods="0"/>
      <file name="config.js" path="E:\buildthings\psychoBooks\project\react-searchBooks-api\config\config.js">
        <metrics statements="8" coveredstatements="8" conditionals="2" coveredconditionals="1" methods="0" coveredmethods="0"/>
        <line num="1" count="3" type="stmt"/>
        <line num="3" count="3" type="cond" truecount="1" falsecount="1"/>
        <line num="5" count="3" type="stmt"/>
        <line num="19" count="3" type="stmt"/>
        <line num="32" count="3" type="stmt"/>
        <line num="41" count="3" type="stmt"/>
        <line num="51" count="3" type="stmt"/>
        <line num="58" count="3" type="stmt"/>
      </file>
    </package>
    <package name="src">
      <metrics statements="6" coveredstatements="5" conditionals="0" coveredconditionals="0" methods="1" coveredmethods="0"/>
      <file name="app.js" path="E:\buildthings\psychoBooks\project\react-searchBooks-api\src\app.js">
        <metrics statements="6" coveredstatements="5" conditionals="0" coveredconditionals="0" methods="1" coveredmethods="0"/>
        <line num="6" count="3" type="stmt"/>
        <line num="7" count="3" type="stmt"/>
        <line num="8" count="3" type="stmt"/>
        <line num="9" count="3" type="stmt"/>
        <line num="11" count="3" type="stmt"/>
        <line num="12" count="0" type="stmt"/>
      </file>
    </package>
    <package name="src.controllers.authentication">
      <metrics statements="21" coveredstatements="19" conditionals="6" coveredconditionals="6" methods="2" coveredmethods="2"/>
      <file name="index.js" path="E:\buildthings\psychoBooks\project\react-searchBooks-api\src\controllers\authentication\index.js">
        <metrics statements="0" coveredstatements="0" conditionals="0" coveredconditionals="0" methods="0" coveredmethods="0"/>
      </file>
      <file name="login.js" path="E:\buildthings\psychoBooks\project\react-searchBooks-api\src\controllers\authentication\login.js">
        <metrics statements="10" coveredstatements="9" conditionals="4" coveredconditionals="4" methods="1" coveredmethods="1"/>
        <line num="5" count="3" type="stmt"/>
        <line num="6" count="3" type="stmt"/>
        <line num="7" count="3" type="stmt"/>
        <line num="8" count="3" type="cond" truecount="2" falsecount="0"/>
        <line num="10" count="2" type="stmt"/>
        <line num="11" count="2" type="stmt"/>
        <line num="12" count="2" type="cond" truecount="2" falsecount="0"/>
        <line num="14" count="1" type="stmt"/>
        <line num="15" count="1" type="stmt"/>
        <line num="18" count="0" type="stmt"/>
      </file>
      <file name="register.js" path="E:\buildthings\psychoBooks\project\react-searchBooks-api\src\controllers\authentication\register.js">
        <metrics statements="11" coveredstatements="10" conditionals="2" coveredconditionals="2" methods="1" coveredmethods="1"/>
        <line num="5" count="3" type="stmt"/>
        <line num="6" count="5" type="stmt"/>
        <line num="7" count="5" type="stmt"/>
        <line num="8" count="5" type="cond" truecount="2" falsecount="0"/>
        <line num="10" count="3" type="stmt"/>
        <line num="12" count="3" type="stmt"/>
        <line num="17" count="3" type="stmt"/>
        <line num="18" count="3" type="stmt"/>
        <line num="19" count="3" type="stmt"/>
        <line num="21" count="3" type="stmt"/>
        <line num="33" count="0" type="stmt"/>
      </file>
    </package>
    <package name="src.helper">
      <metrics statements="12" coveredstatements="11" conditionals="0" coveredconditionals="0" methods="2" coveredmethods="2"/>
      <file name="authent.js" path="E:\buildthings\psychoBooks\project\react-searchBooks-api\src\helper\authent.js">
        <metrics statements="8" coveredstatements="7" conditionals="0" coveredconditionals="0" methods="1" coveredmethods="1"/>
        <line num="4" count="4" type="stmt"/>
        <line num="6" count="4" type="stmt"/>
        <line num="7" count="3" type="stmt"/>
        <line num="8" count="2" type="stmt"/>
        <line num="9" count="2" type="stmt"/>
        <line num="10" count="2" type="stmt"/>
        <line num="17" count="2" type="stmt"/>
        <line num="19" count="0" type="stmt"/>
      </file>
      <file name="bcryptPass.js" path="E:\buildthings\psychoBooks\project\react-searchBooks-api\src\helper\bcryptPass.js">
        <metrics statements="4" coveredstatements="4" conditionals="0" coveredconditionals="0" methods="1" coveredmethods="1"/>
        <line num="3" count="4" type="stmt"/>
        <line num="4" count="4" type="stmt"/>
        <line num="5" count="4" type="stmt"/>
        <line num="6" count="4" type="stmt"/>
      </file>
    </package>
    <package name="src.middleware">
      <metrics statements="10" coveredstatements="10" conditionals="4" coveredconditionals="3" methods="2" coveredmethods="2"/>
      <file name="validation.js" path="E:\buildthings\psychoBooks\project\react-searchBooks-api\src\middleware\validation.js">
        <metrics statements="10" coveredstatements="10" conditionals="4" coveredconditionals="3" methods="2" coveredmethods="2"/>
        <line num="3" count="3" type="stmt"/>
        <line num="4" count="11" type="stmt"/>
        <line num="10" count="11" type="stmt"/>
        <line num="11" count="11" type="cond" truecount="2" falsecount="0"/>
        <line num="13" count="5" type="stmt"/>
        <line num="16" count="3" type="stmt"/>
        <line num="17" count="3" type="stmt"/>
        <line num="22" count="3" type="stmt"/>
        <line num="23" count="3" type="cond" truecount="1" falsecount="1"/>
        <line num="25" count="3" type="stmt"/>
      </file>
    </package>
    <package name="src.model">
      <metrics statements="8" coveredstatements="7" conditionals="2" coveredconditionals="2" methods="2" coveredmethods="1"/>
      <file name="db.js" path="E:\buildthings\psychoBooks\project\react-searchBooks-api\src\model\db.js">
        <metrics statements="6" coveredstatements="5" conditionals="2" coveredconditionals="2" methods="2" coveredmethods="1"/>
        <line num="5" count="3" type="stmt"/>
        <line num="14" count="3" type="stmt"/>
        <line num="16" count="3" type="cond" truecount="2" falsecount="0"/>
        <line num="20" count="3" type="stmt"/>
        <line num="21" count="3" type="stmt"/>
        <line num="24" count="0" type="stmt"/>
      </file>
      <file name="user.js" path="E:\buildthings\psychoBooks\project\react-searchBooks-api\src\model\user.js">
        <metrics statements="2" coveredstatements="2" conditionals="0" coveredconditionals="0" methods="0" coveredmethods="0"/>
        <line num="3" count="3" type="stmt"/>
        <line num="23" count="3" type="stmt"/>
      </file>
    </package>
    <package name="src.route">
      <metrics statements="2" coveredstatements="2" conditionals="0" coveredconditionals="0" methods="0" coveredmethods="0"/>
      <file name="auth.js" path="E:\buildthings\psychoBooks\project\react-searchBooks-api\src\route\auth.js">
        <metrics statements="2" coveredstatements="2" conditionals="0" coveredconditionals="0" methods="0" coveredmethods="0"/>
        <line num="7" count="3" type="stmt"/>
        <line num="9" count="3" type="stmt"/>
      </file>
    </package>
  </project>
</coverage>
