{"E:\\buildthings\\psychoBooks\\project\\react-searchBooks-api\\config\\config.js": {"path":"E:\\buildthings\\psychoBooks\\project\\react-searchBooks-api\\config\\config.js","statementMap":{"0":{"start":{"line":1,"column":0},"end":{"line":1,"column":27}},"1":{"start":{"line":3,"column":12},"end":{"line":3,"column":49}},"2":{"start":{"line":5,"column":20},"end":{"line":17,"column":1}},"3":{"start":{"line":19,"column":13},"end":{"line":31,"column":1}},"4":{"start":{"line":32,"column":16},"end":{"line":40,"column":1}},"5":{"start":{"line":41,"column":19},"end":{"line":49,"column":1}},"6":{"start":{"line":51,"column":15},"end":{"line":56,"column":1}},"7":{"start":{"line":58,"column":0},"end":{"line":58,"column":28}}},"fnMap":{},"branchMap":{"0":{"loc":{"start":{"line":3,"column":12},"end":{"line":3,"column":49}},"type":"binary-expr","locations":[{"start":{"line":3,"column":12},"end":{"line":3,"column":32}},{"start":{"line":3,"column":36},"end":{"line":3,"column":49}}],"line":3}},"s":{"0":3,"1":3,"2":3,"3":3,"4":3,"5":3,"6":3,"7":3},"f":{},"b":{"0":[3,0]},"_coverageSchema":"1a1c01bbd47fc00a2c39e90264f33305004495a9","hash":"8ee5d2f467b5bafa7db804247d0e9342287eb6ca"}
,"E:\\buildthings\\psychoBooks\\project\\react-searchBooks-api\\src\\app.js": {"path":"E:\\buildthings\\psychoBooks\\project\\react-searchBooks-api\\src\\app.js","statementMap":{"0":{"start":{"line":6,"column":12},"end":{"line":6,"column":21}},"1":{"start":{"line":7,"column":0},"end":{"line":7,"column":24}},"2":{"start":{"line":8,"column":0},"end":{"line":8,"column":16}},"3":{"start":{"line":9,"column":0},"end":{"line":9,"column":25}},"4":{"start":{"line":11,"column":0},"end":{"line":13,"column":2}},"5":{"start":{"line":12,"column":4},"end":{"line":12,"column":77}}},"fnMap":{"0":{"name":"(anonymous_0)","decl":{"start":{"line":11,"column":13},"end":{"line":11,"column":14}},"loc":{"start":{"line":11,"column":27},"end":{"line":13,"column":1}},"line":11}},"branchMap":{},"s":{"0":3,"1":3,"2":3,"3":3,"4":3,"5":0},"f":{"0":0},"b":{},"_coverageSchema":"1a1c01bbd47fc00a2c39e90264f33305004495a9","hash":"3a9fab5452be17dddad509c7ded8746423cbadc9"}
,"E:\\buildthings\\psychoBooks\\project\\react-searchBooks-api\\src\\controllers\\authentication\\index.js": {"path":"E:\\buildthings\\psychoBooks\\project\\react-searchBooks-api\\src\\controllers\\authentication\\index.js","statementMap":{},"fnMap":{},"branchMap":{},"s":{},"f":{},"b":{},"_coverageSchema":"1a1c01bbd47fc00a2c39e90264f33305004495a9","hash":"92983a9dc84d435ece78b493c69001da8b27306e"}
,"E:\\buildthings\\psychoBooks\\project\\react-searchBooks-api\\src\\controllers\\authentication\\login.js": {"path":"E:\\buildthings\\psychoBooks\\project\\react-searchBooks-api\\src\\controllers\\authentication\\login.js","statementMap":{"0":{"start":{"line":5,"column":24},"end":{"line":20,"column":1}},"1":{"start":{"line":6,"column":32},"end":{"line":6,"column":40}},"2":{"start":{"line":7,"column":17},"end":{"line":7,"column":44}},"3":{"start":{"line":8,"column":4},"end":{"line":8,"column":81}},"4":{"start":{"line":8,"column":15},"end":{"line":8,"column":81}},"5":{"start":{"line":10,"column":4},"end":{"line":19,"column":5}},"6":{"start":{"line":11,"column":26},"end":{"line":11,"column":71}},"7":{"start":{"line":12,"column":8},"end":{"line":12,"column":81}},"8":{"start":{"line":12,"column":24},"end":{"line":12,"column":81}},"9":{"start":{"line":14,"column":22},"end":{"line":14,"column":41}},"10":{"start":{"line":15,"column":8},"end":{"line":15,"column":75}},"11":{"start":{"line":18,"column":8},"end":{"line":18,"column":57}}},"fnMap":{"0":{"name":"(anonymous_0)","decl":{"start":{"line":5,"column":24},"end":{"line":5,"column":25}},"loc":{"start":{"line":5,"column":43},"end":{"line":20,"column":1}},"line":5}},"branchMap":{"0":{"loc":{"start":{"line":8,"column":4},"end":{"line":8,"column":81}},"type":"if","locations":[{"start":{"line":8,"column":4},"end":{"line":8,"column":81}},{"start":{"line":8,"column":4},"end":{"line":8,"column":81}}],"line":8},"1":{"loc":{"start":{"line":12,"column":8},"end":{"line":12,"column":81}},"type":"if","locations":[{"start":{"line":12,"column":8},"end":{"line":12,"column":81}},{"start":{"line":12,"column":8},"end":{"line":12,"column":81}}],"line":12}},"s":{"0":3,"1":3,"2":3,"3":3,"4":1,"5":2,"6":2,"7":2,"8":1,"9":1,"10":1,"11":0},"f":{"0":3},"b":{"0":[1,2],"1":[1,1]},"_coverageSchema":"1a1c01bbd47fc00a2c39e90264f33305004495a9","hash":"e91b716a4d05a7aab3937eb23e3ab8696904759d"}
,"E:\\buildthings\\psychoBooks\\project\\react-searchBooks-api\\src\\controllers\\authentication\\register.js": {"path":"E:\\buildthings\\psychoBooks\\project\\react-searchBooks-api\\src\\controllers\\authentication\\register.js","statementMap":{"0":{"start":{"line":5,"column":27},"end":{"line":35,"column":1}},"1":{"start":{"line":6,"column":37},"end":{"line":6,"column":45}},"2":{"start":{"line":7,"column":23},"end":{"line":7,"column":50}},"3":{"start":{"line":8,"column":4},"end":{"line":8,"column":82}},"4":{"start":{"line":8,"column":19},"end":{"line":8,"column":82}},"5":{"start":{"line":10,"column":21},"end":{"line":10,"column":47}},"6":{"start":{"line":12,"column":17},"end":{"line":16,"column":6}},"7":{"start":{"line":17,"column":4},"end":{"line":34,"column":5}},"8":{"start":{"line":18,"column":24},"end":{"line":18,"column":41}},"9":{"start":{"line":19,"column":50},"end":{"line":19,"column":57}},"10":{"start":{"line":21,"column":8},"end":{"line":31,"column":10}},"11":{"start":{"line":33,"column":8},"end":{"line":33,"column":66}}},"fnMap":{"0":{"name":"(anonymous_0)","decl":{"start":{"line":5,"column":27},"end":{"line":5,"column":28}},"loc":{"start":{"line":5,"column":46},"end":{"line":35,"column":1}},"line":5}},"branchMap":{"0":{"loc":{"start":{"line":8,"column":4},"end":{"line":8,"column":82}},"type":"if","locations":[{"start":{"line":8,"column":4},"end":{"line":8,"column":82}},{"start":{"line":8,"column":4},"end":{"line":8,"column":82}}],"line":8}},"s":{"0":3,"1":5,"2":5,"3":5,"4":2,"5":3,"6":3,"7":3,"8":3,"9":3,"10":3,"11":0},"f":{"0":5},"b":{"0":[2,3]},"_coverageSchema":"1a1c01bbd47fc00a2c39e90264f33305004495a9","hash":"6b7ce9ea05bc0f9fd6cd6ebabcc64be7d45babaf"}
,"E:\\buildthings\\psychoBooks\\project\\react-searchBooks-api\\src\\helper\\authent.js": {"path":"E:\\buildthings\\psychoBooks\\project\\react-searchBooks-api\\src\\helper\\authent.js","statementMap":{"0":{"start":{"line":4,"column":0},"end":{"line":4,"column":16}},"1":{"start":{"line":6,"column":22},"end":{"line":21,"column":1}},"2":{"start":{"line":7,"column":27},"end":{"line":7,"column":31}},"3":{"start":{"line":8,"column":22},"end":{"line":8,"column":44}},"4":{"start":{"line":9,"column":4},"end":{"line":20,"column":5}},"5":{"start":{"line":10,"column":22},"end":{"line":16,"column":14}},"6":{"start":{"line":17,"column":8},"end":{"line":17,"column":21}},"7":{"start":{"line":19,"column":8},"end":{"line":19,"column":51}}},"fnMap":{"0":{"name":"(anonymous_0)","decl":{"start":{"line":6,"column":22},"end":{"line":6,"column":23}},"loc":{"start":{"line":6,"column":32},"end":{"line":21,"column":1}},"line":6}},"branchMap":{},"s":{"0":4,"1":4,"2":3,"3":2,"4":2,"5":2,"6":2,"7":0},"f":{"0":3},"b":{},"_coverageSchema":"1a1c01bbd47fc00a2c39e90264f33305004495a9","hash":"66b30608c42cf907e865ae32dfa2807fe2c67cf5"}
,"E:\\buildthings\\psychoBooks\\project\\react-searchBooks-api\\src\\helper\\bcryptPass.js": {"path":"E:\\buildthings\\psychoBooks\\project\\react-searchBooks-api\\src\\helper\\bcryptPass.js","statementMap":{"0":{"start":{"line":3,"column":19},"end":{"line":7,"column":1}},"1":{"start":{"line":4,"column":17},"end":{"line":4,"column":41}},"2":{"start":{"line":5,"column":27},"end":{"line":5,"column":56}},"3":{"start":{"line":6,"column":4},"end":{"line":6,"column":26}}},"fnMap":{"0":{"name":"(anonymous_0)","decl":{"start":{"line":3,"column":19},"end":{"line":3,"column":20}},"loc":{"start":{"line":3,"column":34},"end":{"line":7,"column":1}},"line":3}},"branchMap":{},"s":{"0":4,"1":4,"2":4,"3":4},"f":{"0":4},"b":{},"_coverageSchema":"1a1c01bbd47fc00a2c39e90264f33305004495a9","hash":"00a7ba20b0b18c79a36ea98464b13758e8c74200"}
,"E:\\buildthings\\psychoBooks\\project\\react-searchBooks-api\\src\\middleware\\validation.js": {"path":"E:\\buildthings\\psychoBooks\\project\\react-searchBooks-api\\src\\middleware\\validation.js","statementMap":{"0":{"start":{"line":3,"column":34},"end":{"line":14,"column":1}},"1":{"start":{"line":4,"column":19},"end":{"line":8,"column":6}},"2":{"start":{"line":10,"column":22},"end":{"line":10,"column":47}},"3":{"start":{"line":11,"column":4},"end":{"line":11,"column":78}},"4":{"start":{"line":11,"column":15},"end":{"line":11,"column":78}},"5":{"start":{"line":13,"column":4},"end":{"line":13,"column":11}},"6":{"start":{"line":16,"column":31},"end":{"line":26,"column":1}},"7":{"start":{"line":17,"column":19},"end":{"line":20,"column":6}},"8":{"start":{"line":22,"column":22},"end":{"line":22,"column":47}},"9":{"start":{"line":23,"column":4},"end":{"line":23,"column":78}},"10":{"start":{"line":23,"column":15},"end":{"line":23,"column":78}},"11":{"start":{"line":25,"column":4},"end":{"line":25,"column":11}}},"fnMap":{"0":{"name":"(anonymous_0)","decl":{"start":{"line":3,"column":34},"end":{"line":3,"column":35}},"loc":{"start":{"line":3,"column":54},"end":{"line":14,"column":1}},"line":3},"1":{"name":"(anonymous_1)","decl":{"start":{"line":16,"column":31},"end":{"line":16,"column":32}},"loc":{"start":{"line":16,"column":51},"end":{"line":26,"column":1}},"line":16}},"branchMap":{"0":{"loc":{"start":{"line":11,"column":4},"end":{"line":11,"column":78}},"type":"if","locations":[{"start":{"line":11,"column":4},"end":{"line":11,"column":78}},{"start":{"line":11,"column":4},"end":{"line":11,"column":78}}],"line":11},"1":{"loc":{"start":{"line":23,"column":4},"end":{"line":23,"column":78}},"type":"if","locations":[{"start":{"line":23,"column":4},"end":{"line":23,"column":78}},{"start":{"line":23,"column":4},"end":{"line":23,"column":78}}],"line":23}},"s":{"0":3,"1":11,"2":11,"3":11,"4":6,"5":5,"6":3,"7":3,"8":3,"9":3,"10":0,"11":3},"f":{"0":11,"1":3},"b":{"0":[6,5],"1":[0,3]},"_coverageSchema":"1a1c01bbd47fc00a2c39e90264f33305004495a9","hash":"d97db11e6a5b3527d90b6d0b9ae32be7aa010e4e"}
,"E:\\buildthings\\psychoBooks\\project\\react-searchBooks-api\\src\\model\\db.js": {"path":"E:\\buildthings\\psychoBooks\\project\\react-searchBooks-api\\src\\model\\db.js","statementMap":{"0":{"start":{"line":5,"column":16},"end":{"line":10,"column":1}},"1":{"start":{"line":14,"column":4},"end":{"line":14,"column":10}},"2":{"start":{"line":16,"column":21},"end":{"line":16,"column":99}},"3":{"start":{"line":19,"column":20},"end":{"line":19,"column":55}},"4":{"start":{"line":20,"column":25},"end":{"line":20,"column":45}}},"fnMap":{"0":{"name":"(anonymous_0)","decl":{"start":{"line":19,"column":14},"end":{"line":19,"column":15}},"loc":{"start":{"line":19,"column":20},"end":{"line":19,"column":55}},"line":19},"1":{"name":"(anonymous_1)","decl":{"start":{"line":20,"column":15},"end":{"line":20,"column":16}},"loc":{"start":{"line":20,"column":24},"end":{"line":20,"column":46}},"line":20}},"branchMap":{"0":{"loc":{"start":{"line":16,"column":21},"end":{"line":16,"column":99}},"type":"binary-expr","locations":[{"start":{"line":16,"column":21},"end":{"line":16,"column":43}},{"start":{"line":16,"column":47},"end":{"line":16,"column":99}}],"line":16}},"s":{"0":3,"1":3,"2":3,"3":3,"4":0},"f":{"0":3,"1":0},"b":{"0":[3,3]},"_coverageSchema":"1a1c01bbd47fc00a2c39e90264f33305004495a9","hash":"5c835f466e697ddfce84c2e37064481fe9e4b133"}
,"E:\\buildthings\\psychoBooks\\project\\react-searchBooks-api\\src\\model\\user.js": {"path":"E:\\buildthings\\psychoBooks\\project\\react-searchBooks-api\\src\\model\\user.js","statementMap":{"0":{"start":{"line":3,"column":19},"end":{"line":21,"column":2}},"1":{"start":{"line":23,"column":13},"end":{"line":23,"column":47}}},"fnMap":{},"branchMap":{},"s":{"0":3,"1":3},"f":{},"b":{},"_coverageSchema":"1a1c01bbd47fc00a2c39e90264f33305004495a9","hash":"a9f053d60090fb33862db7a07c8efd2b14e48dcc"}
,"E:\\buildthings\\psychoBooks\\project\\react-searchBooks-api\\src\\route\\auth.js": {"path":"E:\\buildthings\\psychoBooks\\project\\react-searchBooks-api\\src\\route\\auth.js","statementMap":{"0":{"start":{"line":7,"column":19},"end":{"line":7,"column":31}},"1":{"start":{"line":9,"column":0},"end":{"line":11,"column":63}}},"fnMap":{},"branchMap":{},"s":{"0":3,"1":3},"f":{},"b":{},"_coverageSchema":"1a1c01bbd47fc00a2c39e90264f33305004495a9","hash":"c0a796189cdd6c164469cdb8af24676f438971ea"}
}
