TN:
SF:config\config.js
FNF:0
FNH:0
DA:1,3
DA:3,3
DA:5,3
DA:19,3
DA:32,3
DA:41,3
DA:51,3
DA:58,3
LF:8
LH:8
BRDA:3,0,0,3
BRDA:3,0,1,0
BRF:2
BRH:1
end_of_record
TN:
SF:src\app.js
FN:11,(anonymous_0)
FNF:1
FNH:0
FNDA:0,(anonymous_0)
DA:6,3
DA:7,3
DA:8,3
DA:9,3
DA:11,3
DA:12,0
LF:6
LH:5
BRF:0
BRH:0
end_of_record
TN:
SF:src\controllers\authentication\index.js
FNF:0
FNH:0
LF:0
LH:0
BRF:0
BRH:0
end_of_record
TN:
SF:src\controllers\authentication\login.js
FN:5,(anonymous_0)
FNF:1
FNH:1
FNDA:3,(anonymous_0)
DA:5,3
DA:6,3
DA:7,3
DA:8,3
DA:10,2
DA:11,2
DA:12,2
DA:14,1
DA:15,1
DA:18,0
LF:10
LH:9
BRDA:8,0,0,1
BRDA:8,0,1,2
BRDA:12,1,0,1
BRDA:12,1,1,1
BRF:4
BRH:4
end_of_record
TN:
SF:src\controllers\authentication\register.js
FN:5,(anonymous_0)
FNF:1
FNH:1
FNDA:5,(anonymous_0)
DA:5,3
DA:6,5
DA:7,5
DA:8,5
DA:10,3
DA:12,3
DA:17,3
DA:18,3
DA:19,3
DA:21,3
DA:33,0
LF:11
LH:10
BRDA:8,0,0,2
BRDA:8,0,1,3
BRF:2
BRH:2
end_of_record
TN:
SF:src\helper\authent.js
FN:6,(anonymous_0)
FNF:1
FNH:1
FNDA:3,(anonymous_0)
DA:4,4
DA:6,4
DA:7,3
DA:8,2
DA:9,2
DA:10,2
DA:17,2
DA:19,0
LF:8
LH:7
BRF:0
BRH:0
end_of_record
TN:
SF:src\helper\bcryptPass.js
FN:3,(anonymous_0)
FNF:1
FNH:1
FNDA:4,(anonymous_0)
DA:3,4
DA:4,4
DA:5,4
DA:6,4
LF:4
LH:4
BRF:0
BRH:0
end_of_record
TN:
SF:src\middleware\validation.js
FN:3,(anonymous_0)
FN:16,(anonymous_1)
FNF:2
FNH:2
FNDA:11,(anonymous_0)
FNDA:3,(anonymous_1)
DA:3,3
DA:4,11
DA:10,11
DA:11,11
DA:13,5
DA:16,3
DA:17,3
DA:22,3
DA:23,3
DA:25,3
LF:10
LH:10
BRDA:11,0,0,6
BRDA:11,0,1,5
BRDA:23,1,0,0
BRDA:23,1,1,3
BRF:4
BRH:3
end_of_record
TN:
SF:src\model\db.js
FN:19,(anonymous_0)
FN:20,(anonymous_1)
FNF:2
FNH:1
FNDA:3,(anonymous_0)
FNDA:0,(anonymous_1)
DA:5,3
DA:14,3
DA:16,3
DA:19,3
DA:20,0
LF:5
LH:4
BRDA:16,0,0,3
BRDA:16,0,1,3
BRF:2
BRH:2
end_of_record
TN:
SF:src\model\user.js
FNF:0
FNH:0
DA:3,3
DA:23,3
LF:2
LH:2
BRF:0
BRH:0
end_of_record
TN:
SF:src\route\auth.js
FNF:0
FNH:0
DA:7,3
DA:9,3
LF:2
LH:2
BRF:0
BRH:0
end_of_record
